[INFO] Scanning for projects...
[WARNING] 
[WARNING] Some problems were encountered while building the effective model for org.jclouds.provider:cloudsigma-lvs:bundle:1.2.1-SNAPSHOT
[WARNING] 'parent.relativePath' of POM org.jclouds:jclouds-project:1.2.1-SNAPSHOT (/Users/adriancole/workspace/git/1.2.0/jclouds/project/pom.xml) points at org.jclouds:jclouds-multi instead of org.sonatype.oss:oss-parent, please verify your project structure @ org.jclouds:jclouds-project:1.2.1-SNAPSHOT, /Users/adriancole/workspace/git/1.2.0/jclouds/project/pom.xml, line 24, column 13
[WARNING] 
[WARNING] It is highly recommended to fix these problems because they threaten the stability of your build.
[WARNING] 
[WARNING] For this reason, future Maven versions might no longer support building such malformed projects.
[WARNING] 
[INFO]                                                                         
[INFO] ------------------------------------------------------------------------
[INFO] Building jclouds CloudSigma provider 1.2.1-SNAPSHOT
[INFO] ------------------------------------------------------------------------
[INFO] 
[INFO] --- maven-clean-plugin:2.4.1:clean (default-clean) @ cloudsigma-lvs ---
[INFO] Deleting /Users/adriancole/workspace/git/1.2.0/jclouds/providers/cloudsigma-lvs/target
[INFO] 
[INFO] --- maven-enforcer-plugin:1.0.1:enforce (enforce-maven) @ cloudsigma-lvs ---
[INFO] 
[INFO] --- maven-enforcer-plugin:1.0.1:enforce (enforce-banned-dependencies) @ cloudsigma-lvs ---
[INFO] 
[INFO] --- maven-enforcer-plugin:1.0.1:enforce (enforce-java) @ cloudsigma-lvs ---
[INFO] 
[INFO] --- maven-remote-resources-plugin:1.2:process (process-remote-resources) @ cloudsigma-lvs ---
[INFO] Setting property: classpath.resource.loader.class => 'org.codehaus.plexus.velocity.ContextClassLoaderResourceLoader'.
[INFO] Setting property: velocimacro.messages.on => 'false'.
[INFO] Setting property: resource.loader => 'classpath'.
[INFO] Setting property: resource.manager.logwhenfound => 'false'.
[INFO] 
[INFO] --- maven-resources-plugin:2.4.2:resources (default-resources) @ cloudsigma-lvs ---
[INFO] Using 'UTF-8' encoding to copy filtered resources.
[INFO] skip non existing resourceDirectory /Users/adriancole/workspace/git/1.2.0/jclouds/providers/cloudsigma-lvs/src/main/clojure
[INFO] Copying 1 resource
[INFO] Copying 2 resources
[INFO] 
[INFO] --- maven-compiler-plugin:2.3:compile (default-compile) @ cloudsigma-lvs ---
[INFO] Compiling 2 source files to /Users/adriancole/workspace/git/1.2.0/jclouds/providers/cloudsigma-lvs/target/classes
[INFO] 
[INFO] --- maven-resources-plugin:2.4.2:testResources (default-testResources) @ cloudsigma-lvs ---
[INFO] Using 'UTF-8' encoding to copy filtered resources.
[INFO] skip non existing resourceDirectory /Users/adriancole/workspace/git/1.2.0/jclouds/providers/cloudsigma-lvs/src/test/clojure
[INFO] skip non existing resourceDirectory /Users/adriancole/workspace/git/1.2.0/jclouds/providers/cloudsigma-lvs/src/test/resources
[INFO] Copying 2 resources
[INFO] 
[INFO] --- maven-compiler-plugin:2.3:testCompile (default-testCompile) @ cloudsigma-lvs ---
[INFO] Compiling 4 source files to /Users/adriancole/workspace/git/1.2.0/jclouds/providers/cloudsigma-lvs/target/test-classes
[INFO] 
[INFO] --- maven-surefire-plugin:2.5:test (default-test) @ cloudsigma-lvs ---
[INFO] Surefire report directory: /Users/adriancole/workspace/git/1.2.0/jclouds/providers/cloudsigma-lvs/target/surefire-reports

-------------------------------------------------------
 T E S T S
-------------------------------------------------------
Running TestSuite
Starting test testInRestProperties(org.jclouds.cloudsigma.CloudSigmaLasVegasProviderTest)
Starting test testWithId(org.jclouds.cloudsigma.CloudSigmaLasVegasProviderTest)
Starting test testAllContains(org.jclouds.cloudsigma.CloudSigmaLasVegasProviderTest)
Starting test testOfTypeContains(org.jclouds.cloudsigma.CloudSigmaLasVegasProviderTest)
[pool-2-thread-3] Test testAllContains(org.jclouds.cloudsigma.CloudSigmaLasVegasProviderTest) succeeded: 51ms
Test suite progress: tests succeeded: 1, failed: 0, skipped: 0.
[pool-2-thread-4] Test testOfTypeContains(org.jclouds.cloudsigma.CloudSigmaLasVegasProviderTest) succeeded: 51ms
Test suite progress: tests succeeded: 2, failed: 0, skipped: 0.
[pool-2-thread-2] Test testWithId(org.jclouds.cloudsigma.CloudSigmaLasVegasProviderTest) succeeded: 63ms
Test suite progress: tests succeeded: 3, failed: 0, skipped: 0.
[pool-2-thread-1] Test testInRestProperties(org.jclouds.cloudsigma.CloudSigmaLasVegasProviderTest) succeeded: 115ms
Test suite progress: tests succeeded: 4, failed: 0, skipped: 0.
Tests run: 4, Failures: 0, Errors: 0, Skipped: 0, Time elapsed: 0.682 sec

Results :

Tests run: 4, Failures: 0, Errors: 0, Skipped: 0

[INFO] 
[INFO] --- clojure-maven-plugin:1.3.3:test (test-clojure) @ cloudsigma-lvs ---

Testing user

Ran 0 tests containing 0 assertions.
0 failures, 0 errors.
[INFO] 
[INFO] --- maven-bundle-plugin:2.3.4:bundle (default-bundle) @ cloudsigma-lvs ---
[WARNING] Warning building bundle org.jclouds.provider:cloudsigma-lvs:bundle:1.2.1-SNAPSHOT : Instructions in Export-Package that are never used: org\.jclouds\.elastichosts\..*|org\.jclouds\.elastichosts
Classpath: Jar:.,Jar:cloudsigma,Jar:jclouds-compute,Jar:oauth,Jar:aopalliance,Jar:jersey-core,Jar:guice-assistedinject,Jar:guice,Jar:javax.inject,Jar:jsr250-api,Jar:gson,Jar:guava,Jar:jsr305,Jar:jclouds-scriptbuilder,Jar:jclouds-core,Jar:clojure,Jar:tools.logging,Jar:core.incubator

[WARNING] Warning building bundle org.jclouds.provider:cloudsigma-lvs:bundle:1.2.1-SNAPSHOT : Superfluous export-package instructions: [org.jclouds.elastichosts.*]
[INFO] 
[INFO] --- maven-source-plugin:2.1.1:jar-no-fork (attach-sources) @ cloudsigma-lvs ---
[INFO] Building jar: /Users/adriancole/workspace/git/1.2.0/jclouds/providers/cloudsigma-lvs/target/cloudsigma-lvs-1.2.1-SNAPSHOT-sources.jar
[INFO] 
[INFO] --- maven-javadoc-plugin:2.8:jar (javadoc) @ cloudsigma-lvs ---
[INFO] Skipping javadoc generation
[INFO] 
[INFO] --- maven-jar-plugin:2.3.1:test-jar (default) @ cloudsigma-lvs ---
[INFO] Building jar: /Users/adriancole/workspace/git/1.2.0/jclouds/providers/cloudsigma-lvs/target/cloudsigma-lvs-1.2.1-SNAPSHOT-tests.jar
[INFO] 
[INFO] --- maven-surefire-plugin:2.5:test (integration) @ cloudsigma-lvs ---
[INFO] Surefire report directory: /Users/adriancole/workspace/git/1.2.0/jclouds/providers/cloudsigma-lvs/target/surefire-reports

-------------------------------------------------------
 T E S T S
-------------------------------------------------------
Running TestSuite
Starting test setServiceDefaults(org.jclouds.cloudsigma.compute.CloudSigmaLasVegasComputeServiceLiveTest)
[pool-2-thread-1] Test setServiceDefaults(org.jclouds.cloudsigma.compute.CloudSigmaLasVegasComputeServiceLiveTest) succeeded: 2ms
Test suite progress: tests succeeded: 1, failed: 0, skipped: 0.
Starting test testCompareSizes(org.jclouds.cloudsigma.compute.CloudSigmaLasVegasComputeServiceLiveTest)
Oct 17, 2011 8:36:22 PM org.jclouds.compute.BaseComputeServiceLiveTest testCompareSizes
INFO: smallest [id=cpu=1000.000000,ram=512,disk=10.000000, providerId=cpu=1000.000000,ram=512,disk=10.000000, name=null, processors=[[cores=1.0, speed=1000.0]], ram=512, volumes=[[id=null, type=LOCAL, size=10.0, device=null, durable=true, isBootDevice=true]], supportsImage=sizeLessThanOrEqual(10.0), tags=[]]
Oct 17, 2011 8:36:22 PM org.jclouds.compute.BaseComputeServiceLiveTest testCompareSizes
INFO: fastest [id=cpu=20000.000000,ram=512,disk=200.000000, providerId=cpu=20000.000000,ram=512,disk=200.000000, name=null, processors=[[cores=1.0, speed=20000.0]], ram=512, volumes=[[id=null, type=LOCAL, size=200.0, device=null, durable=true, isBootDevice=true]], supportsImage=sizeLessThanOrEqual(200.0), tags=[]]
Oct 17, 2011 8:36:22 PM org.jclouds.compute.BaseComputeServiceLiveTest testCompareSizes
INFO: biggest [id=cpu=20000.000000,ram=32768,disk=200.000000, providerId=cpu=20000.000000,ram=32768,disk=200.000000, name=null, processors=[[cores=1.0, speed=20000.0]], ram=32768, volumes=[[id=null, type=LOCAL, size=200.0, device=null, durable=true, isBootDevice=true]], supportsImage=sizeLessThanOrEqual(200.0), tags=[]]
[pool-2-thread-1] Test testCompareSizes(org.jclouds.cloudsigma.compute.CloudSigmaLasVegasComputeServiceLiveTest) succeeded: 7009ms
Test suite progress: tests succeeded: 2, failed: 0, skipped: 0.
Starting test testAScriptExecutionAfterBootWithBasicTemplate(org.jclouds.cloudsigma.compute.CloudSigmaLasVegasComputeServiceLiveTest)
SLF4J: Failed to load class "org.slf4j.impl.StaticLoggerBinder".
SLF4J: Defaulting to no-operation (NOP) logger implementation
SLF4J: See http://www.slf4j.org/codes.html#StaticLoggerBinder for further details.
<< problem applying options to node(9a8e031c-bbba-40c7-b3ae-fd0d2cdf828e): 
org.jclouds.rest.AuthorizationException: (root:password@69.194.139.112:22) (root:password@69.194.139.112:22) error acquiring SSHClient(timeout=60000): Exhausted available authentication methods
	at org.jclouds.sshj.SshjSshClient.propagate(SshjSshClient.java:413)
	at org.jclouds.sshj.SshjSshClient.acquire(SshjSshClient.java:244)
	at org.jclouds.sshj.SshjSshClient.connect(SshjSshClient.java:255)
	at org.jclouds.compute.callables.RunScriptOnNodeUsingSsh.call(RunScriptOnNodeUsingSsh.java:73)
	at org.jclouds.compute.strategy.RunScriptOnNodeAndAddToGoodMapOrPutExceptionIntoBadMap.call(RunScriptOnNodeAndAddToGoodMapOrPutExceptionIntoBadMap.java:69)
	at org.jclouds.compute.strategy.RunScriptOnNodeAndAddToGoodMapOrPutExceptionIntoBadMap.call(RunScriptOnNodeAndAddToGoodMapOrPutExceptionIntoBadMap.java:44)
	at java.util.concurrent.FutureTask$Sync.innerRun(FutureTask.java:303)
	at java.util.concurrent.FutureTask.run(FutureTask.java:138)
	at java.util.concurrent.ThreadPoolExecutor$Worker.runTask(ThreadPoolExecutor.java:886)
	at java.util.concurrent.ThreadPoolExecutor$Worker.run(ThreadPoolExecutor.java:908)
	at java.lang.Thread.run(Thread.java:680)
Caused by: net.schmizz.sshj.userauth.UserAuthException: Exhausted available authentication methods
	at net.schmizz.sshj.userauth.UserAuthImpl.authenticate(UserAuthImpl.java:114)
	at net.schmizz.sshj.SSHClient.auth(SSHClient.java:204)
	at net.schmizz.sshj.SSHClient.auth(SSHClient.java:189)
	at net.schmizz.sshj.SSHClient.authPassword(SSHClient.java:265)
	at net.schmizz.sshj.SSHClient.authPassword(SSHClient.java:235)
	at net.schmizz.sshj.SSHClient.authPassword(SSHClient.java:219)
	at org.jclouds.sshj.SshjSshClient$1.create(SshjSshClient.java:195)
	at org.jclouds.sshj.SshjSshClient$1.create(SshjSshClient.java:171)
	at org.jclouds.sshj.SshjSshClient.acquire(SshjSshClient.java:220)
	... 9 more
Caused by: net.schmizz.sshj.userauth.UserAuthException: keyboard-interactive auth not allowed by server
	at net.schmizz.sshj.userauth.UserAuthImpl.authenticate(UserAuthImpl.java:81)
	... 17 more
[pool-2-thread-1] Test testAScriptExecutionAfterBootWithBasicTemplate(org.jclouds.cloudsigma.compute.CloudSigmaLasVegasComputeServiceLiveTest) succeeded: 205728ms
Test suite progress: tests succeeded: 3, failed: 0, skipped: 0.
Starting test testCorrectAuthException(org.jclouds.cloudsigma.compute.CloudSigmaLasVegasComputeServiceLiveTest)
[pool-2-thread-1] Test testCorrectAuthException(org.jclouds.cloudsigma.compute.CloudSigmaLasVegasComputeServiceLiveTest) succeeded: 351ms
Test suite progress: tests succeeded: 4, failed: 0, skipped: 0.
Starting test testCreateAndRunAService(org.jclouds.cloudsigma.compute.CloudSigmaLasVegasComputeServiceLiveTest)
Exception in thread "user thread 0" java.lang.IllegalStateException: interrupted calling get() on [[method=CloudSigmaAsyncClient.listServerInfo, request=GET https://api.lvs.cloudsigma.com/servers/info HTTP/1.1]], so could not run listeners
	at org.jclouds.concurrent.Futures$CallGetAndRunExecutionList.run(Futures.java:66)
	at java.util.concurrent.ThreadPoolExecutor$Worker.runTask(ThreadPoolExecutor.java:886)
	at java.util.concurrent.ThreadPoolExecutor$Worker.run(ThreadPoolExecutor.java:908)
	at java.lang.Thread.run(Thread.java:680)
Caused by: java.lang.InterruptedException
	at java.util.concurrent.locks.AbstractQueuedSynchronizer.doAcquireSharedInterruptibly(AbstractQueuedSynchronizer.java:979)
	at java.util.concurrent.locks.AbstractQueuedSynchronizer.acquireSharedInterruptibly(AbstractQueuedSynchronizer.java:1281)
	at java.util.concurrent.FutureTask$Sync.innerGet(FutureTask.java:218)
	at java.util.concurrent.FutureTask.get(FutureTask.java:83)
	at org.jclouds.concurrent.config.ExecutorServiceModule$DescribedFuture.get(ExecutorServiceModule.java:237)
	at org.jclouds.concurrent.Futures$CallGetAndRunExecutionList.run(Futures.java:59)
	... 3 more
Caused by: java.util.concurrent.ExecutionException: task submitted from the following trace
	at org.jclouds.concurrent.config.ExecutorServiceModule$DescribedFuture.ensureCauseHasSubmissionTrace(ExecutorServiceModule.java:270)
	at org.jclouds.concurrent.config.ExecutorServiceModule$DescribedFuture.get(ExecutorServiceModule.java:241)
	... 4 more
Oct 17, 2011 8:41:14 PM org.jclouds.compute.BaseComputeServiceLiveTest testCreateAndRunAService
INFO: << available node(350e6ec7-0ade-43d4-944f-1fc1f96ec7bb) os([name=Ubuntu 11.04 Linux Server Edition 64bit Preinstalled System with automated SSH Access, family=ubuntu, version=11.04, arch=null, is64Bit=true, description=This is a ready server system drive which offers automated SSH access using the VNC password for initial SSH access.]) in 86s
Oct 17, 2011 8:43:24 PM org.jclouds.compute.BaseComputeServiceLiveTest testCreateAndRunAService
INFO: << configured node(350e6ec7-0ade-43d4-944f-1fc1f96ec7bb) with java full version "1.6.0_22-b22" in 127s
Oct 17, 2011 8:43:30 PM org.jclouds.compute.BaseComputeServiceLiveTest trackAvailabilityOfProcessOnNode
INFO: << initial start of jboss on node(350e6ec7-0ade-43d4-944f-1fc1f96ec7bb) [backgroundProcessSeconds=3, socketOpenMilliseconds=4709, reportedStartupTimeMilliseconds=3139]
Oct 17, 2011 8:43:36 PM org.jclouds.compute.BaseComputeServiceLiveTest trackAvailabilityOfProcessOnNode
INFO: << warm start of jboss on node(350e6ec7-0ade-43d4-944f-1fc1f96ec7bb) [backgroundProcessSeconds=2, socketOpenMilliseconds=3581, reportedStartupTimeMilliseconds=3059]
[pool-2-thread-1] Test testCreateAndRunAService(org.jclouds.cloudsigma.compute.CloudSigmaLasVegasComputeServiceLiveTest) succeeded: 233441ms
Test suite progress: tests succeeded: 5, failed: 0, skipped: 0.
Starting test testCreateTwoNodesWithRunScript(org.jclouds.cloudsigma.compute.CloudSigmaLasVegasComputeServiceLiveTest)
[pool-2-thread-1] Test testCreateTwoNodesWithRunScript(org.jclouds.cloudsigma.compute.CloudSigmaLasVegasComputeServiceLiveTest) succeeded: 235152ms
Test suite progress: tests succeeded: 6, failed: 0, skipped: 0.
Starting test testCreateAnotherNodeWithANewContextToEnsureSharedMemIsntRequired(org.jclouds.cloudsigma.compute.CloudSigmaLasVegasComputeServiceLiveTest)
Oct 17, 2011 8:47:36 PM org.jclouds.compute.BaseComputeServiceLiveTest testCreateAnotherNodeWithANewContextToEnsureSharedMemIsntRequired
INFO: creating another node based on existing nodes' location: [id=cloudsigma-lvs, scope=PROVIDER, description=https://api.lvs.cloudsigma.com, parent=null, iso3166Codes=[US-NV], metadata={}]
[pool-2-thread-1] Test testCreateAnotherNodeWithANewContextToEnsureSharedMemIsntRequired(org.jclouds.cloudsigma.compute.CloudSigmaLasVegasComputeServiceLiveTest) succeeded: 194871ms
Test suite progress: tests succeeded: 7, failed: 0, skipped: 0.
Starting test testCredentialsCache(org.jclouds.cloudsigma.compute.CloudSigmaLasVegasComputeServiceLiveTest)
[pool-2-thread-1] Test testCredentialsCache(org.jclouds.cloudsigma.compute.CloudSigmaLasVegasComputeServiceLiveTest) succeeded: 113ms
Test suite progress: tests succeeded: 8, failed: 0, skipped: 0.
Starting test testGet(org.jclouds.cloudsigma.compute.CloudSigmaLasVegasComputeServiceLiveTest)
[pool-2-thread-1] Test testGet(org.jclouds.cloudsigma.compute.CloudSigmaLasVegasComputeServiceLiveTest) succeeded: 6572ms
Test suite progress: tests succeeded: 9, failed: 0, skipped: 0.
Starting test testGetAssignableLocations(org.jclouds.cloudsigma.compute.CloudSigmaLasVegasComputeServiceLiveTest)
Oct 17, 2011 8:50:58 PM org.jclouds.compute.BaseComputeServiceLiveTest testGetAssignableLocations
WARNING: location [id=cloudsigma-lvs, scope=PROVIDER, description=https://api.lvs.cloudsigma.com, parent=null, iso3166Codes=[US-NV], metadata={}]
[pool-2-thread-1] Test testGetAssignableLocations(org.jclouds.cloudsigma.compute.CloudSigmaLasVegasComputeServiceLiveTest) succeeded: 13ms
Test suite progress: tests succeeded: 10, failed: 0, skipped: 0.
Starting test testImagesCache(org.jclouds.cloudsigma.compute.CloudSigmaLasVegasComputeServiceLiveTest)
[pool-2-thread-1] Test testImagesCache(org.jclouds.cloudsigma.compute.CloudSigmaLasVegasComputeServiceLiveTest) succeeded: 0ms
Test suite progress: tests succeeded: 11, failed: 0, skipped: 0.
Starting test testListImages(org.jclouds.cloudsigma.compute.CloudSigmaLasVegasComputeServiceLiveTest)
[pool-2-thread-1] Test testListImages(org.jclouds.cloudsigma.compute.CloudSigmaLasVegasComputeServiceLiveTest) succeeded: 0ms
Test suite progress: tests succeeded: 12, failed: 0, skipped: 0.
Starting test testListSizes(org.jclouds.cloudsigma.compute.CloudSigmaLasVegasComputeServiceLiveTest)
[pool-2-thread-1] Test testListSizes(org.jclouds.cloudsigma.compute.CloudSigmaLasVegasComputeServiceLiveTest) succeeded: 1ms
Test suite progress: tests succeeded: 13, failed: 0, skipped: 0.
Starting test testReboot(org.jclouds.cloudsigma.compute.CloudSigmaLasVegasComputeServiceLiveTest)
[pool-2-thread-1] Test testReboot(org.jclouds.cloudsigma.compute.CloudSigmaLasVegasComputeServiceLiveTest) succeeded: 3296ms
Test suite progress: tests succeeded: 14, failed: 0, skipped: 0.
Starting test testSuspendResume(org.jclouds.cloudsigma.compute.CloudSigmaLasVegasComputeServiceLiveTest)
[pool-2-thread-1] Test testSuspendResume(org.jclouds.cloudsigma.compute.CloudSigmaLasVegasComputeServiceLiveTest) succeeded: 14380ms
Test suite progress: tests succeeded: 15, failed: 0, skipped: 0.
Starting test testGetNodesWithDetails(org.jclouds.cloudsigma.compute.CloudSigmaLasVegasComputeServiceLiveTest)
[pool-2-thread-1] Test testGetNodesWithDetails(org.jclouds.cloudsigma.compute.CloudSigmaLasVegasComputeServiceLiveTest) succeeded: 263ms
Test suite progress: tests succeeded: 16, failed: 0, skipped: 0.
Starting test testListNodes(org.jclouds.cloudsigma.compute.CloudSigmaLasVegasComputeServiceLiveTest)
[pool-2-thread-1] Test testListNodes(org.jclouds.cloudsigma.compute.CloudSigmaLasVegasComputeServiceLiveTest) succeeded: 287ms
Test suite progress: tests succeeded: 17, failed: 0, skipped: 0.
Starting test testDestroyNodes(org.jclouds.cloudsigma.compute.CloudSigmaLasVegasComputeServiceLiveTest)
[pool-2-thread-1] Test testDestroyNodes(org.jclouds.cloudsigma.compute.CloudSigmaLasVegasComputeServiceLiveTest) succeeded: 5350ms
Test suite progress: tests succeeded: 18, failed: 0, skipped: 0.
Starting test testTemplateMatch(org.jclouds.cloudsigma.compute.CloudSigmaLasVegasComputeServiceLiveTest)
[pool-2-thread-1] Test testTemplateMatch(org.jclouds.cloudsigma.compute.CloudSigmaLasVegasComputeServiceLiveTest) succeeded: 3ms
Test suite progress: tests succeeded: 19, failed: 0, skipped: 0.
Starting test testCorrectExceptionRunningNodesNotFound(org.jclouds.cloudsigma.compute.CloudSigmaLasVegasComputeServiceLiveTest)
[pool-2-thread-1] Test testCorrectExceptionRunningNodesNotFound(org.jclouds.cloudsigma.compute.CloudSigmaLasVegasComputeServiceLiveTest) succeeded: 284ms
Test suite progress: tests succeeded: 20, failed: 0, skipped: 0.
Starting test testOptionToNotBlock(org.jclouds.cloudsigma.compute.CloudSigmaLasVegasComputeServiceLiveTest)
[pool-2-thread-1] Test testOptionToNotBlock(org.jclouds.cloudsigma.compute.CloudSigmaLasVegasComputeServiceLiveTest) succeeded: 0ms
Test suite progress: tests succeeded: 21, failed: 0, skipped: 0.
Starting test testCreateAndDestroyVLAN(org.jclouds.cloudsigma.CloudSigmaLasVegasLondonClientLiveTest)
[pool-2-thread-1] Test testCreateAndDestroyVLAN(org.jclouds.cloudsigma.CloudSigmaLasVegasLondonClientLiveTest) failed.
Test suite progress: tests succeeded: 21, failed: 1, skipped: 0.
Starting test testCreateDrive(org.jclouds.cloudsigma.CloudSigmaLasVegasLondonClientLiveTest)
[pool-2-thread-1] Test testCreateDrive(org.jclouds.cloudsigma.CloudSigmaLasVegasLondonClientLiveTest) succeeded: 4526ms
Test suite progress: tests succeeded: 22, failed: 1, skipped: 0.
Starting test testGetDrive(org.jclouds.cloudsigma.CloudSigmaLasVegasLondonClientLiveTest)
Windows Server Standard 2008 R2 64bit English
Ubuntu 10.04 Linux Server Edition 64bit Preinstalled System with automated SSH Access
Centos 5.5 Linux 64bit Preinstalled System with automated SSH Access
Centos 6.0 Linux 64bit Preinstalled System with automated SSH Access
Ubuntu 11.04 Linux Server Edition 64bit Preinstalled System with automated SSH Access
Windows Server 2003 Standard 64bit English
Fedora 15 Linux 64bit Preinstalled System with automated SSH Access
[pool-2-thread-1] Test testGetDrive(org.jclouds.cloudsigma.CloudSigmaLasVegasLondonClientLiveTest) succeeded: 3310ms
Test suite progress: tests succeeded: 23, failed: 1, skipped: 0.
Starting test testGetProfileInfo(org.jclouds.cloudsigma.CloudSigmaLasVegasLondonClientLiveTest)
[pool-2-thread-1] Test testGetProfileInfo(org.jclouds.cloudsigma.CloudSigmaLasVegasLondonClientLiveTest) succeeded: 249ms
Test suite progress: tests succeeded: 24, failed: 1, skipped: 0.
Starting test testGetServer(org.jclouds.cloudsigma.CloudSigmaLasVegasLondonClientLiveTest)
[pool-2-thread-1] Test testGetServer(org.jclouds.cloudsigma.CloudSigmaLasVegasLondonClientLiveTest) succeeded: 211ms
Test suite progress: tests succeeded: 25, failed: 1, skipped: 0.
Starting test testGetStaticIP(org.jclouds.cloudsigma.CloudSigmaLasVegasLondonClientLiveTest)
[pool-2-thread-1] Test testGetStaticIP(org.jclouds.cloudsigma.CloudSigmaLasVegasLondonClientLiveTest) succeeded: 651ms
Test suite progress: tests succeeded: 26, failed: 1, skipped: 0.
Starting test testGetVLAN(org.jclouds.cloudsigma.CloudSigmaLasVegasLondonClientLiveTest)
[pool-2-thread-1] Test testGetVLAN(org.jclouds.cloudsigma.CloudSigmaLasVegasLondonClientLiveTest) succeeded: 201ms
Test suite progress: tests succeeded: 27, failed: 1, skipped: 0.
Starting test testListDriveInfo(org.jclouds.cloudsigma.CloudSigmaLasVegasLondonClientLiveTest)
[pool-2-thread-1] Test testListDriveInfo(org.jclouds.cloudsigma.CloudSigmaLasVegasLondonClientLiveTest) succeeded: 842ms
Test suite progress: tests succeeded: 28, failed: 1, skipped: 0.
Starting test testListDrives(org.jclouds.cloudsigma.CloudSigmaLasVegasLondonClientLiveTest)
[pool-2-thread-1] Test testListDrives(org.jclouds.cloudsigma.CloudSigmaLasVegasLondonClientLiveTest) succeeded: 207ms
Test suite progress: tests succeeded: 29, failed: 1, skipped: 0.
Starting test testListServerInfo(org.jclouds.cloudsigma.CloudSigmaLasVegasLondonClientLiveTest)
[pool-2-thread-1] Test testListServerInfo(org.jclouds.cloudsigma.CloudSigmaLasVegasLondonClientLiveTest) succeeded: 207ms
Test suite progress: tests succeeded: 30, failed: 1, skipped: 0.
Starting test testListServers(org.jclouds.cloudsigma.CloudSigmaLasVegasLondonClientLiveTest)
[pool-2-thread-1] Test testListServers(org.jclouds.cloudsigma.CloudSigmaLasVegasLondonClientLiveTest) succeeded: 237ms
Test suite progress: tests succeeded: 31, failed: 1, skipped: 0.
Starting test testListStandardCds(org.jclouds.cloudsigma.CloudSigmaLasVegasLondonClientLiveTest)
[pool-2-thread-1] Test testListStandardCds(org.jclouds.cloudsigma.CloudSigmaLasVegasLondonClientLiveTest) succeeded: 542ms
Test suite progress: tests succeeded: 32, failed: 1, skipped: 0.
Starting test testListStandardDrives(org.jclouds.cloudsigma.CloudSigmaLasVegasLondonClientLiveTest)
[pool-2-thread-1] Test testListStandardDrives(org.jclouds.cloudsigma.CloudSigmaLasVegasLondonClientLiveTest) succeeded: 519ms
Test suite progress: tests succeeded: 33, failed: 1, skipped: 0.
Starting test testListStandardImages(org.jclouds.cloudsigma.CloudSigmaLasVegasLondonClientLiveTest)
[pool-2-thread-1] Test testListStandardImages(org.jclouds.cloudsigma.CloudSigmaLasVegasLondonClientLiveTest) succeeded: 195ms
Test suite progress: tests succeeded: 34, failed: 1, skipped: 0.
Starting test testListStaticIPInfo(org.jclouds.cloudsigma.CloudSigmaLasVegasLondonClientLiveTest)
[pool-2-thread-1] Test testListStaticIPInfo(org.jclouds.cloudsigma.CloudSigmaLasVegasLondonClientLiveTest) succeeded: 214ms
Test suite progress: tests succeeded: 35, failed: 1, skipped: 0.
Starting test testListStaticIPs(org.jclouds.cloudsigma.CloudSigmaLasVegasLondonClientLiveTest)
[pool-2-thread-1] Test testListStaticIPs(org.jclouds.cloudsigma.CloudSigmaLasVegasLondonClientLiveTest) succeeded: 209ms
Test suite progress: tests succeeded: 36, failed: 1, skipped: 0.
Starting test testListVLANInfo(org.jclouds.cloudsigma.CloudSigmaLasVegasLondonClientLiveTest)
[pool-2-thread-1] Test testListVLANInfo(org.jclouds.cloudsigma.CloudSigmaLasVegasLondonClientLiveTest) succeeded: 198ms
Test suite progress: tests succeeded: 37, failed: 1, skipped: 0.
Starting test testListVLANs(org.jclouds.cloudsigma.CloudSigmaLasVegasLondonClientLiveTest)
[pool-2-thread-1] Test testListVLANs(org.jclouds.cloudsigma.CloudSigmaLasVegasLondonClientLiveTest) succeeded: 198ms
Test suite progress: tests succeeded: 38, failed: 1, skipped: 0.
Starting test testSetDriveData(org.jclouds.cloudsigma.CloudSigmaLasVegasLondonClientLiveTest)
[pool-2-thread-1] Test testSetDriveData(org.jclouds.cloudsigma.CloudSigmaLasVegasLondonClientLiveTest) succeeded: 666ms
Test suite progress: tests succeeded: 39, failed: 1, skipped: 0.
Starting test testCreateAndDestroyStaticIP(org.jclouds.cloudsigma.CloudSigmaLasVegasLondonClientLiveTest)
[pool-2-thread-1] Test testCreateAndDestroyStaticIP(org.jclouds.cloudsigma.CloudSigmaLasVegasLondonClientLiveTest) failed.
Test suite progress: tests succeeded: 39, failed: 2, skipped: 0.
[pool-2-thread-1] Test testCreateAndStartServer(org.jclouds.cloudsigma.CloudSigmaLasVegasLondonClientLiveTest) skipped.
Test suite progress: tests succeeded: 39, failed: 2, skipped: 1.
[pool-2-thread-1] Test testConnectivity(org.jclouds.cloudsigma.CloudSigmaLasVegasLondonClientLiveTest) skipped.
Test suite progress: tests succeeded: 39, failed: 2, skipped: 2.
[pool-2-thread-1] Test testLifeCycle(org.jclouds.cloudsigma.CloudSigmaLasVegasLondonClientLiveTest) skipped.
Test suite progress: tests succeeded: 39, failed: 2, skipped: 3.
[pool-2-thread-1] Test testSetServerConfiguration(org.jclouds.cloudsigma.CloudSigmaLasVegasLondonClientLiveTest) skipped.
Test suite progress: tests succeeded: 39, failed: 2, skipped: 4.
[pool-2-thread-1] Test testDestroyServer(org.jclouds.cloudsigma.CloudSigmaLasVegasLondonClientLiveTest) skipped.
Test suite progress: tests succeeded: 39, failed: 2, skipped: 5.
[pool-2-thread-1] Test testDestroyDrive(org.jclouds.cloudsigma.CloudSigmaLasVegasLondonClientLiveTest) skipped.
Test suite progress: tests succeeded: 39, failed: 2, skipped: 6.
Starting test testDefaultTemplateBuilder(org.jclouds.cloudsigma.compute.CloudSigmaLasVegasTemplateBuilderLiveTest)
[pool-2-thread-1] Test testDefaultTemplateBuilder(org.jclouds.cloudsigma.compute.CloudSigmaLasVegasTemplateBuilderLiveTest) succeeded: 3743ms
Test suite progress: tests succeeded: 40, failed: 2, skipped: 6.
Starting test testCompareSizes(org.jclouds.cloudsigma.compute.CloudSigmaLasVegasTemplateBuilderLiveTest)
smallest [id=cpu=1000.000000,ram=512,disk=10.000000, providerId=cpu=1000.000000,ram=512,disk=10.000000, name=null, processors=[[cores=1.0, speed=1000.0]], ram=512, volumes=[[id=null, type=LOCAL, size=10.0, device=null, durable=true, isBootDevice=true]], supportsImage=sizeLessThanOrEqual(10.0), tags=[]]
fastest [id=cpu=20000.000000,ram=512,disk=200.000000, providerId=cpu=20000.000000,ram=512,disk=200.000000, name=null, processors=[[cores=1.0, speed=20000.0]], ram=512, volumes=[[id=null, type=LOCAL, size=200.0, device=null, durable=true, isBootDevice=true]], supportsImage=sizeLessThanOrEqual(200.0), tags=[]]
biggest [id=cpu=20000.000000,ram=32768,disk=200.000000, providerId=cpu=20000.000000,ram=32768,disk=200.000000, name=null, processors=[[cores=1.0, speed=20000.0]], ram=32768, volumes=[[id=null, type=LOCAL, size=200.0, device=null, durable=true, isBootDevice=true]], supportsImage=sizeLessThanOrEqual(200.0), tags=[]]
[pool-2-thread-1] Test testCompareSizes(org.jclouds.cloudsigma.compute.CloudSigmaLasVegasTemplateBuilderLiveTest) succeeded: 4ms
Test suite progress: tests succeeded: 41, failed: 2, skipped: 6.
Starting test testFromTemplate(org.jclouds.cloudsigma.compute.CloudSigmaLasVegasTemplateBuilderLiveTest)
[pool-2-thread-1] Test testFromTemplate(org.jclouds.cloudsigma.compute.CloudSigmaLasVegasTemplateBuilderLiveTest) succeeded: 2ms
Test suite progress: tests succeeded: 42, failed: 2, skipped: 6.
Starting test testGetAssignableLocations(org.jclouds.cloudsigma.compute.CloudSigmaLasVegasTemplateBuilderLiveTest)
location [id=cloudsigma-lvs, scope=PROVIDER, description=https://api.lvs.cloudsigma.com, parent=null, iso3166Codes=[US-NV], metadata={}]
[pool-2-thread-1] Test testGetAssignableLocations(org.jclouds.cloudsigma.compute.CloudSigmaLasVegasTemplateBuilderLiveTest) succeeded: 1ms
Test suite progress: tests succeeded: 43, failed: 2, skipped: 6.
Starting test testTemplateBuilderCanFind(org.jclouds.cloudsigma.compute.CloudSigmaLasVegasTemplateBuilderLiveTest)
[pool-2-thread-1] Test testTemplateBuilderCanFind(org.jclouds.cloudsigma.compute.CloudSigmaLasVegasTemplateBuilderLiveTest) succeeded: 2ms
Test suite progress: tests succeeded: 44, failed: 2, skipped: 6.
Starting test testTemplateBuilderCanFind(org.jclouds.cloudsigma.compute.CloudSigmaLasVegasTemplateBuilderLiveTest)
[pool-2-thread-1] Test testTemplateBuilderCanFind(org.jclouds.cloudsigma.compute.CloudSigmaLasVegasTemplateBuilderLiveTest) succeeded: 2ms
Test suite progress: tests succeeded: 45, failed: 2, skipped: 6.
Starting test testTemplateBuilderCanFind(org.jclouds.cloudsigma.compute.CloudSigmaLasVegasTemplateBuilderLiveTest)
[pool-2-thread-1] Test testTemplateBuilderCanFind(org.jclouds.cloudsigma.compute.CloudSigmaLasVegasTemplateBuilderLiveTest) succeeded: 2ms
Test suite progress: tests succeeded: 46, failed: 2, skipped: 6.
Starting test testTemplateBuilderCanFind(org.jclouds.cloudsigma.compute.CloudSigmaLasVegasTemplateBuilderLiveTest)
[pool-2-thread-1] Test testTemplateBuilderCanFind(org.jclouds.cloudsigma.compute.CloudSigmaLasVegasTemplateBuilderLiveTest) succeeded: 1ms
Test suite progress: tests succeeded: 47, failed: 2, skipped: 6.
Starting test testTemplateBuilderCanFind(org.jclouds.cloudsigma.compute.CloudSigmaLasVegasTemplateBuilderLiveTest)
[pool-2-thread-1] Test testTemplateBuilderCanFind(org.jclouds.cloudsigma.compute.CloudSigmaLasVegasTemplateBuilderLiveTest) succeeded: 1ms
Test suite progress: tests succeeded: 48, failed: 2, skipped: 6.
Starting test testTemplateBuilderCanFind(org.jclouds.cloudsigma.compute.CloudSigmaLasVegasTemplateBuilderLiveTest)
[pool-2-thread-1] Test testTemplateBuilderCanFind(org.jclouds.cloudsigma.compute.CloudSigmaLasVegasTemplateBuilderLiveTest) succeeded: 1ms
Test suite progress: tests succeeded: 49, failed: 2, skipped: 6.
Starting test testTemplateBuilderCanFind(org.jclouds.cloudsigma.compute.CloudSigmaLasVegasTemplateBuilderLiveTest)
[pool-2-thread-1] Test testTemplateBuilderCanFind(org.jclouds.cloudsigma.compute.CloudSigmaLasVegasTemplateBuilderLiveTest) succeeded: 2ms
Test suite progress: tests succeeded: 50, failed: 2, skipped: 6.
Starting test testTemplateBuilderCanFind(org.jclouds.cloudsigma.compute.CloudSigmaLasVegasTemplateBuilderLiveTest)
[pool-2-thread-1] Test testTemplateBuilderCanFind(org.jclouds.cloudsigma.compute.CloudSigmaLasVegasTemplateBuilderLiveTest) succeeded: 2ms
Test suite progress: tests succeeded: 51, failed: 2, skipped: 6.
Starting test testTemplateBuilderCanFind(org.jclouds.cloudsigma.compute.CloudSigmaLasVegasTemplateBuilderLiveTest)
[pool-2-thread-1] Test testTemplateBuilderCanFind(org.jclouds.cloudsigma.compute.CloudSigmaLasVegasTemplateBuilderLiveTest) succeeded: 1ms
Test suite progress: tests succeeded: 52, failed: 2, skipped: 6.
Starting test testTemplateBuilderCanFind(org.jclouds.cloudsigma.compute.CloudSigmaLasVegasTemplateBuilderLiveTest)
[pool-2-thread-1] Test testTemplateBuilderCanFind(org.jclouds.cloudsigma.compute.CloudSigmaLasVegasTemplateBuilderLiveTest) succeeded: 2ms
Test suite progress: tests succeeded: 53, failed: 2, skipped: 6.
Starting test testTemplateBuilderCanFind(org.jclouds.cloudsigma.compute.CloudSigmaLasVegasTemplateBuilderLiveTest)
[pool-2-thread-1] Test testTemplateBuilderCanFind(org.jclouds.cloudsigma.compute.CloudSigmaLasVegasTemplateBuilderLiveTest) succeeded: 2ms
Test suite progress: tests succeeded: 54, failed: 2, skipped: 6.
Starting test testTemplateBuilderCanUseImageId(org.jclouds.cloudsigma.compute.CloudSigmaLasVegasTemplateBuilderLiveTest)
[pool-2-thread-1] Test testTemplateBuilderCanUseImageId(org.jclouds.cloudsigma.compute.CloudSigmaLasVegasTemplateBuilderLiveTest) succeeded: 3ms
Test suite progress: tests succeeded: 55, failed: 2, skipped: 6.
Starting test testTemplateBuilderCannotFind(org.jclouds.cloudsigma.compute.CloudSigmaLasVegasTemplateBuilderLiveTest)
[pool-2-thread-1] Test testTemplateBuilderCannotFind(org.jclouds.cloudsigma.compute.CloudSigmaLasVegasTemplateBuilderLiveTest) succeeded: 1ms
Test suite progress: tests succeeded: 56, failed: 2, skipped: 6.
Starting test testTemplateBuilderCannotFind(org.jclouds.cloudsigma.compute.CloudSigmaLasVegasTemplateBuilderLiveTest)
[pool-2-thread-1] Test testTemplateBuilderCannotFind(org.jclouds.cloudsigma.compute.CloudSigmaLasVegasTemplateBuilderLiveTest) succeeded: 1ms
Test suite progress: tests succeeded: 57, failed: 2, skipped: 6.
Starting test testTemplateBuilderCannotFind(org.jclouds.cloudsigma.compute.CloudSigmaLasVegasTemplateBuilderLiveTest)
[pool-2-thread-1] Test testTemplateBuilderCannotFind(org.jclouds.cloudsigma.compute.CloudSigmaLasVegasTemplateBuilderLiveTest) succeeded: 0ms
Test suite progress: tests succeeded: 58, failed: 2, skipped: 6.
Starting test testTemplateBuilderCannotFind(org.jclouds.cloudsigma.compute.CloudSigmaLasVegasTemplateBuilderLiveTest)
[pool-2-thread-1] Test testTemplateBuilderCannotFind(org.jclouds.cloudsigma.compute.CloudSigmaLasVegasTemplateBuilderLiveTest) succeeded: 0ms
Test suite progress: tests succeeded: 59, failed: 2, skipped: 6.
Starting test testTemplateBuilderCannotFind(org.jclouds.cloudsigma.compute.CloudSigmaLasVegasTemplateBuilderLiveTest)
[pool-2-thread-1] Test testTemplateBuilderCannotFind(org.jclouds.cloudsigma.compute.CloudSigmaLasVegasTemplateBuilderLiveTest) succeeded: 1ms
Test suite progress: tests succeeded: 60, failed: 2, skipped: 6.
Starting test testTemplateBuilderCannotFind(org.jclouds.cloudsigma.compute.CloudSigmaLasVegasTemplateBuilderLiveTest)
[pool-2-thread-1] Test testTemplateBuilderCannotFind(org.jclouds.cloudsigma.compute.CloudSigmaLasVegasTemplateBuilderLiveTest) succeeded: 0ms
Test suite progress: tests succeeded: 61, failed: 2, skipped: 6.
Starting test testTemplateBuilderCannotFind(org.jclouds.cloudsigma.compute.CloudSigmaLasVegasTemplateBuilderLiveTest)
[pool-2-thread-1] Test testTemplateBuilderCannotFind(org.jclouds.cloudsigma.compute.CloudSigmaLasVegasTemplateBuilderLiveTest) succeeded: 0ms
Test suite progress: tests succeeded: 62, failed: 2, skipped: 6.
Starting test testTemplateBuilderCannotFind(org.jclouds.cloudsigma.compute.CloudSigmaLasVegasTemplateBuilderLiveTest)
[pool-2-thread-1] Test testTemplateBuilderCannotFind(org.jclouds.cloudsigma.compute.CloudSigmaLasVegasTemplateBuilderLiveTest) succeeded: 0ms
Test suite progress: tests succeeded: 63, failed: 2, skipped: 6.
Starting test testTemplateBuilderCannotFind(org.jclouds.cloudsigma.compute.CloudSigmaLasVegasTemplateBuilderLiveTest)
[pool-2-thread-1] Test testTemplateBuilderCannotFind(org.jclouds.cloudsigma.compute.CloudSigmaLasVegasTemplateBuilderLiveTest) succeeded: 1ms
Test suite progress: tests succeeded: 64, failed: 2, skipped: 6.
Starting test testTemplateBuilderCannotFind(org.jclouds.cloudsigma.compute.CloudSigmaLasVegasTemplateBuilderLiveTest)
[pool-2-thread-1] Test testTemplateBuilderCannotFind(org.jclouds.cloudsigma.compute.CloudSigmaLasVegasTemplateBuilderLiveTest) succeeded: 1ms
Test suite progress: tests succeeded: 65, failed: 2, skipped: 6.
Starting test testTemplateBuilderCannotFind(org.jclouds.cloudsigma.compute.CloudSigmaLasVegasTemplateBuilderLiveTest)
[pool-2-thread-1] Test testTemplateBuilderCannotFind(org.jclouds.cloudsigma.compute.CloudSigmaLasVegasTemplateBuilderLiveTest) succeeded: 1ms
Test suite progress: tests succeeded: 66, failed: 2, skipped: 6.
Starting test testTemplateBuilderCannotFind(org.jclouds.cloudsigma.compute.CloudSigmaLasVegasTemplateBuilderLiveTest)
[pool-2-thread-1] Test testTemplateBuilderCannotFind(org.jclouds.cloudsigma.compute.CloudSigmaLasVegasTemplateBuilderLiveTest) succeeded: 0ms
Test suite progress: tests succeeded: 67, failed: 2, skipped: 6.
Starting test testTemplateBuilderCannotFind(org.jclouds.cloudsigma.compute.CloudSigmaLasVegasTemplateBuilderLiveTest)
[pool-2-thread-1] Test testTemplateBuilderCannotFind(org.jclouds.cloudsigma.compute.CloudSigmaLasVegasTemplateBuilderLiveTest) succeeded: 0ms
Test suite progress: tests succeeded: 68, failed: 2, skipped: 6.
Starting test testTemplateBuilderCannotFind(org.jclouds.cloudsigma.compute.CloudSigmaLasVegasTemplateBuilderLiveTest)
[pool-2-thread-1] Test testTemplateBuilderCannotFind(org.jclouds.cloudsigma.compute.CloudSigmaLasVegasTemplateBuilderLiveTest) succeeded: 6ms
Test suite progress: tests succeeded: 69, failed: 2, skipped: 6.
Starting test testTemplateBuilderCannotFind(org.jclouds.cloudsigma.compute.CloudSigmaLasVegasTemplateBuilderLiveTest)
[pool-2-thread-1] Test testTemplateBuilderCannotFind(org.jclouds.cloudsigma.compute.CloudSigmaLasVegasTemplateBuilderLiveTest) succeeded: 1ms
Test suite progress: tests succeeded: 70, failed: 2, skipped: 6.
Starting test testTemplateBuilderCannotFind(org.jclouds.cloudsigma.compute.CloudSigmaLasVegasTemplateBuilderLiveTest)
[pool-2-thread-1] Test testTemplateBuilderCannotFind(org.jclouds.cloudsigma.compute.CloudSigmaLasVegasTemplateBuilderLiveTest) succeeded: 0ms
Test suite progress: tests succeeded: 71, failed: 2, skipped: 6.
Starting test testTemplateBuilderCannotFind(org.jclouds.cloudsigma.compute.CloudSigmaLasVegasTemplateBuilderLiveTest)
[pool-2-thread-1] Test testTemplateBuilderCannotFind(org.jclouds.cloudsigma.compute.CloudSigmaLasVegasTemplateBuilderLiveTest) succeeded: 1ms
Test suite progress: tests succeeded: 72, failed: 2, skipped: 6.
Starting test testTemplateBuilderCannotFind(org.jclouds.cloudsigma.compute.CloudSigmaLasVegasTemplateBuilderLiveTest)
[pool-2-thread-1] Test testTemplateBuilderCannotFind(org.jclouds.cloudsigma.compute.CloudSigmaLasVegasTemplateBuilderLiveTest) succeeded: 0ms
Test suite progress: tests succeeded: 73, failed: 2, skipped: 6.
Starting test testTemplateBuilderCannotFind(org.jclouds.cloudsigma.compute.CloudSigmaLasVegasTemplateBuilderLiveTest)
[pool-2-thread-1] Test testTemplateBuilderCannotFind(org.jclouds.cloudsigma.compute.CloudSigmaLasVegasTemplateBuilderLiveTest) succeeded: 3ms
Test suite progress: tests succeeded: 74, failed: 2, skipped: 6.
Starting test testTemplateBuilderCannotFind(org.jclouds.cloudsigma.compute.CloudSigmaLasVegasTemplateBuilderLiveTest)
[pool-2-thread-1] Test testTemplateBuilderCannotFind(org.jclouds.cloudsigma.compute.CloudSigmaLasVegasTemplateBuilderLiveTest) succeeded: 1ms
Test suite progress: tests succeeded: 75, failed: 2, skipped: 6.
Starting test testTemplateBuilderCannotFind(org.jclouds.cloudsigma.compute.CloudSigmaLasVegasTemplateBuilderLiveTest)
[pool-2-thread-1] Test testTemplateBuilderCannotFind(org.jclouds.cloudsigma.compute.CloudSigmaLasVegasTemplateBuilderLiveTest) succeeded: 1ms
Test suite progress: tests succeeded: 76, failed: 2, skipped: 6.
Starting test testTemplateBuilderCannotFind(org.jclouds.cloudsigma.compute.CloudSigmaLasVegasTemplateBuilderLiveTest)
[pool-2-thread-1] Test testTemplateBuilderCannotFind(org.jclouds.cloudsigma.compute.CloudSigmaLasVegasTemplateBuilderLiveTest) succeeded: 2ms
Test suite progress: tests succeeded: 77, failed: 2, skipped: 6.
Starting test testTemplateBuilderCannotFind(org.jclouds.cloudsigma.compute.CloudSigmaLasVegasTemplateBuilderLiveTest)
[pool-2-thread-1] Test testTemplateBuilderCannotFind(org.jclouds.cloudsigma.compute.CloudSigmaLasVegasTemplateBuilderLiveTest) succeeded: 30ms
Test suite progress: tests succeeded: 78, failed: 2, skipped: 6.
Starting test testTemplateBuilderCannotFind(org.jclouds.cloudsigma.compute.CloudSigmaLasVegasTemplateBuilderLiveTest)
[pool-2-thread-1] Test testTemplateBuilderCannotFind(org.jclouds.cloudsigma.compute.CloudSigmaLasVegasTemplateBuilderLiveTest) succeeded: 1ms
Test suite progress: tests succeeded: 79, failed: 2, skipped: 6.
Starting test testTemplateBuilderCannotFind(org.jclouds.cloudsigma.compute.CloudSigmaLasVegasTemplateBuilderLiveTest)
[pool-2-thread-1] Test testTemplateBuilderCannotFind(org.jclouds.cloudsigma.compute.CloudSigmaLasVegasTemplateBuilderLiveTest) succeeded: 2ms
Test suite progress: tests succeeded: 80, failed: 2, skipped: 6.
Starting test testTemplateBuilderCannotFind(org.jclouds.cloudsigma.compute.CloudSigmaLasVegasTemplateBuilderLiveTest)
[pool-2-thread-1] Test testTemplateBuilderCannotFind(org.jclouds.cloudsigma.compute.CloudSigmaLasVegasTemplateBuilderLiveTest) succeeded: 1ms
Test suite progress: tests succeeded: 81, failed: 2, skipped: 6.
Starting test testTemplateBuilderCannotFind(org.jclouds.cloudsigma.compute.CloudSigmaLasVegasTemplateBuilderLiveTest)
[pool-2-thread-1] Test testTemplateBuilderCannotFind(org.jclouds.cloudsigma.compute.CloudSigmaLasVegasTemplateBuilderLiveTest) succeeded: 1ms
Test suite progress: tests succeeded: 82, failed: 2, skipped: 6.
Starting test testTemplateBuilderCannotFind(org.jclouds.cloudsigma.compute.CloudSigmaLasVegasTemplateBuilderLiveTest)
[pool-2-thread-1] Test testTemplateBuilderCannotFind(org.jclouds.cloudsigma.compute.CloudSigmaLasVegasTemplateBuilderLiveTest) succeeded: 2ms
Test suite progress: tests succeeded: 83, failed: 2, skipped: 6.
Starting test testTemplateBuilderCannotFind(org.jclouds.cloudsigma.compute.CloudSigmaLasVegasTemplateBuilderLiveTest)
[pool-2-thread-1] Test testTemplateBuilderCannotFind(org.jclouds.cloudsigma.compute.CloudSigmaLasVegasTemplateBuilderLiveTest) succeeded: 1ms
Test suite progress: tests succeeded: 84, failed: 2, skipped: 6.
Starting test testTemplateBuilderCannotFind(org.jclouds.cloudsigma.compute.CloudSigmaLasVegasTemplateBuilderLiveTest)
[pool-2-thread-1] Test testTemplateBuilderCannotFind(org.jclouds.cloudsigma.compute.CloudSigmaLasVegasTemplateBuilderLiveTest) succeeded: 4ms
Test suite progress: tests succeeded: 85, failed: 2, skipped: 6.
Starting test testTemplateBuilderCannotFind(org.jclouds.cloudsigma.compute.CloudSigmaLasVegasTemplateBuilderLiveTest)
[pool-2-thread-1] Test testTemplateBuilderCannotFind(org.jclouds.cloudsigma.compute.CloudSigmaLasVegasTemplateBuilderLiveTest) succeeded: 1ms
Test suite progress: tests succeeded: 86, failed: 2, skipped: 6.
Starting test testTemplateBuilderCannotFind(org.jclouds.cloudsigma.compute.CloudSigmaLasVegasTemplateBuilderLiveTest)
[pool-2-thread-1] Test testTemplateBuilderCannotFind(org.jclouds.cloudsigma.compute.CloudSigmaLasVegasTemplateBuilderLiveTest) succeeded: 1ms
Test suite progress: tests succeeded: 87, failed: 2, skipped: 6.
Starting test testTemplateBuilderCannotFind(org.jclouds.cloudsigma.compute.CloudSigmaLasVegasTemplateBuilderLiveTest)
[pool-2-thread-1] Test testTemplateBuilderCannotFind(org.jclouds.cloudsigma.compute.CloudSigmaLasVegasTemplateBuilderLiveTest) succeeded: 0ms
Test suite progress: tests succeeded: 88, failed: 2, skipped: 6.
Starting test testTemplateBuilderCannotFind(org.jclouds.cloudsigma.compute.CloudSigmaLasVegasTemplateBuilderLiveTest)
[pool-2-thread-1] Test testTemplateBuilderCannotFind(org.jclouds.cloudsigma.compute.CloudSigmaLasVegasTemplateBuilderLiveTest) succeeded: 2ms
Test suite progress: tests succeeded: 89, failed: 2, skipped: 6.
Starting test testTemplateBuilderCannotFind(org.jclouds.cloudsigma.compute.CloudSigmaLasVegasTemplateBuilderLiveTest)
[pool-2-thread-1] Test testTemplateBuilderCannotFind(org.jclouds.cloudsigma.compute.CloudSigmaLasVegasTemplateBuilderLiveTest) succeeded: 1ms
Test suite progress: tests succeeded: 90, failed: 2, skipped: 6.
Starting test testTemplateBuilderCannotFind(org.jclouds.cloudsigma.compute.CloudSigmaLasVegasTemplateBuilderLiveTest)
[pool-2-thread-1] Test testTemplateBuilderCannotFind(org.jclouds.cloudsigma.compute.CloudSigmaLasVegasTemplateBuilderLiveTest) succeeded: 0ms
Test suite progress: tests succeeded: 91, failed: 2, skipped: 6.
Starting test testTemplateBuilderCannotFind(org.jclouds.cloudsigma.compute.CloudSigmaLasVegasTemplateBuilderLiveTest)
[pool-2-thread-1] Test testTemplateBuilderCannotFind(org.jclouds.cloudsigma.compute.CloudSigmaLasVegasTemplateBuilderLiveTest) succeeded: 1ms
Test suite progress: tests succeeded: 92, failed: 2, skipped: 6.
Starting test testTemplateBuilderCannotFind(org.jclouds.cloudsigma.compute.CloudSigmaLasVegasTemplateBuilderLiveTest)
[pool-2-thread-1] Test testTemplateBuilderCannotFind(org.jclouds.cloudsigma.compute.CloudSigmaLasVegasTemplateBuilderLiveTest) succeeded: 1ms
Test suite progress: tests succeeded: 93, failed: 2, skipped: 6.
Starting test testTemplateBuilderCannotFind(org.jclouds.cloudsigma.compute.CloudSigmaLasVegasTemplateBuilderLiveTest)
[pool-2-thread-1] Test testTemplateBuilderCannotFind(org.jclouds.cloudsigma.compute.CloudSigmaLasVegasTemplateBuilderLiveTest) succeeded: 2ms
Test suite progress: tests succeeded: 94, failed: 2, skipped: 6.
Starting test testTemplateBuilderCannotFind(org.jclouds.cloudsigma.compute.CloudSigmaLasVegasTemplateBuilderLiveTest)
[pool-2-thread-1] Test testTemplateBuilderCannotFind(org.jclouds.cloudsigma.compute.CloudSigmaLasVegasTemplateBuilderLiveTest) succeeded: 0ms
Test suite progress: tests succeeded: 95, failed: 2, skipped: 6.
Starting test testTemplateBuilderCannotFind(org.jclouds.cloudsigma.compute.CloudSigmaLasVegasTemplateBuilderLiveTest)
[pool-2-thread-1] Test testTemplateBuilderCannotFind(org.jclouds.cloudsigma.compute.CloudSigmaLasVegasTemplateBuilderLiveTest) succeeded: 0ms
Test suite progress: tests succeeded: 96, failed: 2, skipped: 6.
Starting test testTemplateBuilderCannotFind(org.jclouds.cloudsigma.compute.CloudSigmaLasVegasTemplateBuilderLiveTest)
[pool-2-thread-1] Test testTemplateBuilderCannotFind(org.jclouds.cloudsigma.compute.CloudSigmaLasVegasTemplateBuilderLiveTest) succeeded: 0ms
Test suite progress: tests succeeded: 97, failed: 2, skipped: 6.
Starting test testTemplateBuilderCannotFind(org.jclouds.cloudsigma.compute.CloudSigmaLasVegasTemplateBuilderLiveTest)
[pool-2-thread-1] Test testTemplateBuilderCannotFind(org.jclouds.cloudsigma.compute.CloudSigmaLasVegasTemplateBuilderLiveTest) succeeded: 1ms
Test suite progress: tests succeeded: 98, failed: 2, skipped: 6.
Starting test testTemplateBuilderCannotFind(org.jclouds.cloudsigma.compute.CloudSigmaLasVegasTemplateBuilderLiveTest)
[pool-2-thread-1] Test testTemplateBuilderCannotFind(org.jclouds.cloudsigma.compute.CloudSigmaLasVegasTemplateBuilderLiveTest) succeeded: 2ms
Test suite progress: tests succeeded: 99, failed: 2, skipped: 6.
Starting test testTemplateBuilderCannotFind(org.jclouds.cloudsigma.compute.CloudSigmaLasVegasTemplateBuilderLiveTest)
[pool-2-thread-1] Test testTemplateBuilderCannotFind(org.jclouds.cloudsigma.compute.CloudSigmaLasVegasTemplateBuilderLiveTest) succeeded: 0ms
Test suite progress: tests succeeded: 100, failed: 2, skipped: 6.
Starting test testTemplateBuilderCannotFind(org.jclouds.cloudsigma.compute.CloudSigmaLasVegasTemplateBuilderLiveTest)
[pool-2-thread-1] Test testTemplateBuilderCannotFind(org.jclouds.cloudsigma.compute.CloudSigmaLasVegasTemplateBuilderLiveTest) succeeded: 0ms
Test suite progress: tests succeeded: 101, failed: 2, skipped: 6.
Starting test testTemplateBuilderCannotFind(org.jclouds.cloudsigma.compute.CloudSigmaLasVegasTemplateBuilderLiveTest)
[pool-2-thread-1] Test testTemplateBuilderCannotFind(org.jclouds.cloudsigma.compute.CloudSigmaLasVegasTemplateBuilderLiveTest) succeeded: 1ms
Test suite progress: tests succeeded: 102, failed: 2, skipped: 6.
Starting test testTemplateBuilderCannotFind(org.jclouds.cloudsigma.compute.CloudSigmaLasVegasTemplateBuilderLiveTest)
[pool-2-thread-1] Test testTemplateBuilderCannotFind(org.jclouds.cloudsigma.compute.CloudSigmaLasVegasTemplateBuilderLiveTest) succeeded: 1ms
Test suite progress: tests succeeded: 103, failed: 2, skipped: 6.
Starting test testTemplateBuilderCannotFind(org.jclouds.cloudsigma.compute.CloudSigmaLasVegasTemplateBuilderLiveTest)
[pool-2-thread-1] Test testTemplateBuilderCannotFind(org.jclouds.cloudsigma.compute.CloudSigmaLasVegasTemplateBuilderLiveTest) succeeded: 0ms
Test suite progress: tests succeeded: 104, failed: 2, skipped: 6.
Starting test testTemplateBuilderCannotFind(org.jclouds.cloudsigma.compute.CloudSigmaLasVegasTemplateBuilderLiveTest)
[pool-2-thread-1] Test testTemplateBuilderCannotFind(org.jclouds.cloudsigma.compute.CloudSigmaLasVegasTemplateBuilderLiveTest) succeeded: 1ms
Test suite progress: tests succeeded: 105, failed: 2, skipped: 6.
Starting test testTemplateBuilderCannotFind(org.jclouds.cloudsigma.compute.CloudSigmaLasVegasTemplateBuilderLiveTest)
[pool-2-thread-1] Test testTemplateBuilderCannotFind(org.jclouds.cloudsigma.compute.CloudSigmaLasVegasTemplateBuilderLiveTest) succeeded: 0ms
Test suite progress: tests succeeded: 106, failed: 2, skipped: 6.
Starting test testTemplateBuilderCannotFind(org.jclouds.cloudsigma.compute.CloudSigmaLasVegasTemplateBuilderLiveTest)
[pool-2-thread-1] Test testTemplateBuilderCannotFind(org.jclouds.cloudsigma.compute.CloudSigmaLasVegasTemplateBuilderLiveTest) succeeded: 1ms
Test suite progress: tests succeeded: 107, failed: 2, skipped: 6.
Starting test testTemplateBuilderCannotFind(org.jclouds.cloudsigma.compute.CloudSigmaLasVegasTemplateBuilderLiveTest)
[pool-2-thread-1] Test testTemplateBuilderCannotFind(org.jclouds.cloudsigma.compute.CloudSigmaLasVegasTemplateBuilderLiveTest) succeeded: 0ms
Test suite progress: tests succeeded: 108, failed: 2, skipped: 6.
Starting test testTemplateBuilderCannotFind(org.jclouds.cloudsigma.compute.CloudSigmaLasVegasTemplateBuilderLiveTest)
[pool-2-thread-1] Test testTemplateBuilderCannotFind(org.jclouds.cloudsigma.compute.CloudSigmaLasVegasTemplateBuilderLiveTest) succeeded: 0ms
Test suite progress: tests succeeded: 109, failed: 2, skipped: 6.
Starting test testTemplateBuilderCannotFind(org.jclouds.cloudsigma.compute.CloudSigmaLasVegasTemplateBuilderLiveTest)
[pool-2-thread-1] Test testTemplateBuilderCannotFind(org.jclouds.cloudsigma.compute.CloudSigmaLasVegasTemplateBuilderLiveTest) succeeded: 2ms
Test suite progress: tests succeeded: 110, failed: 2, skipped: 6.
Starting test testTemplateBuilderCannotFind(org.jclouds.cloudsigma.compute.CloudSigmaLasVegasTemplateBuilderLiveTest)
[pool-2-thread-1] Test testTemplateBuilderCannotFind(org.jclouds.cloudsigma.compute.CloudSigmaLasVegasTemplateBuilderLiveTest) succeeded: 1ms
Test suite progress: tests succeeded: 111, failed: 2, skipped: 6.
Starting test testTemplateBuilderCannotFind(org.jclouds.cloudsigma.compute.CloudSigmaLasVegasTemplateBuilderLiveTest)
[pool-2-thread-1] Test testTemplateBuilderCannotFind(org.jclouds.cloudsigma.compute.CloudSigmaLasVegasTemplateBuilderLiveTest) succeeded: 1ms
Test suite progress: tests succeeded: 112, failed: 2, skipped: 6.
Starting test testTemplateBuilderCannotFind(org.jclouds.cloudsigma.compute.CloudSigmaLasVegasTemplateBuilderLiveTest)
[pool-2-thread-1] Test testTemplateBuilderCannotFind(org.jclouds.cloudsigma.compute.CloudSigmaLasVegasTemplateBuilderLiveTest) succeeded: 0ms
Test suite progress: tests succeeded: 113, failed: 2, skipped: 6.
Starting test testTemplateBuilderCannotFind(org.jclouds.cloudsigma.compute.CloudSigmaLasVegasTemplateBuilderLiveTest)
[pool-2-thread-1] Test testTemplateBuilderCannotFind(org.jclouds.cloudsigma.compute.CloudSigmaLasVegasTemplateBuilderLiveTest) succeeded: 1ms
Test suite progress: tests succeeded: 114, failed: 2, skipped: 6.
Starting test testTemplateBuilderCannotFind(org.jclouds.cloudsigma.compute.CloudSigmaLasVegasTemplateBuilderLiveTest)
[pool-2-thread-1] Test testTemplateBuilderCannotFind(org.jclouds.cloudsigma.compute.CloudSigmaLasVegasTemplateBuilderLiveTest) succeeded: 0ms
Test suite progress: tests succeeded: 115, failed: 2, skipped: 6.
Starting test testTemplateBuilderCannotFind(org.jclouds.cloudsigma.compute.CloudSigmaLasVegasTemplateBuilderLiveTest)
[pool-2-thread-1] Test testTemplateBuilderCannotFind(org.jclouds.cloudsigma.compute.CloudSigmaLasVegasTemplateBuilderLiveTest) succeeded: 1ms
Test suite progress: tests succeeded: 116, failed: 2, skipped: 6.
Starting test testTemplateBuilderCannotFind(org.jclouds.cloudsigma.compute.CloudSigmaLasVegasTemplateBuilderLiveTest)
[pool-2-thread-1] Test testTemplateBuilderCannotFind(org.jclouds.cloudsigma.compute.CloudSigmaLasVegasTemplateBuilderLiveTest) succeeded: 1ms
Test suite progress: tests succeeded: 117, failed: 2, skipped: 6.
Starting test testTemplateBuilderCannotFind(org.jclouds.cloudsigma.compute.CloudSigmaLasVegasTemplateBuilderLiveTest)
[pool-2-thread-1] Test testTemplateBuilderCannotFind(org.jclouds.cloudsigma.compute.CloudSigmaLasVegasTemplateBuilderLiveTest) succeeded: 1ms
Test suite progress: tests succeeded: 118, failed: 2, skipped: 6.
Starting test testTemplateBuilderCannotFind(org.jclouds.cloudsigma.compute.CloudSigmaLasVegasTemplateBuilderLiveTest)
[pool-2-thread-1] Test testTemplateBuilderCannotFind(org.jclouds.cloudsigma.compute.CloudSigmaLasVegasTemplateBuilderLiveTest) succeeded: 1ms
Test suite progress: tests succeeded: 119, failed: 2, skipped: 6.
Starting test testTemplateBuilderCannotFind(org.jclouds.cloudsigma.compute.CloudSigmaLasVegasTemplateBuilderLiveTest)
[pool-2-thread-1] Test testTemplateBuilderCannotFind(org.jclouds.cloudsigma.compute.CloudSigmaLasVegasTemplateBuilderLiveTest) succeeded: 0ms
Test suite progress: tests succeeded: 120, failed: 2, skipped: 6.
Starting test testTemplateBuilderCannotFind(org.jclouds.cloudsigma.compute.CloudSigmaLasVegasTemplateBuilderLiveTest)
[pool-2-thread-1] Test testTemplateBuilderCannotFind(org.jclouds.cloudsigma.compute.CloudSigmaLasVegasTemplateBuilderLiveTest) succeeded: 0ms
Test suite progress: tests succeeded: 121, failed: 2, skipped: 6.
Starting test testTemplateBuilderCannotFind(org.jclouds.cloudsigma.compute.CloudSigmaLasVegasTemplateBuilderLiveTest)
[pool-2-thread-1] Test testTemplateBuilderCannotFind(org.jclouds.cloudsigma.compute.CloudSigmaLasVegasTemplateBuilderLiveTest) succeeded: 1ms
Test suite progress: tests succeeded: 122, failed: 2, skipped: 6.
Starting test testTemplateBuilderCannotFind(org.jclouds.cloudsigma.compute.CloudSigmaLasVegasTemplateBuilderLiveTest)
[pool-2-thread-1] Test testTemplateBuilderCannotFind(org.jclouds.cloudsigma.compute.CloudSigmaLasVegasTemplateBuilderLiveTest) succeeded: 0ms
Test suite progress: tests succeeded: 123, failed: 2, skipped: 6.
Starting test testTemplateBuilderCannotFind(org.jclouds.cloudsigma.compute.CloudSigmaLasVegasTemplateBuilderLiveTest)
[pool-2-thread-1] Test testTemplateBuilderCannotFind(org.jclouds.cloudsigma.compute.CloudSigmaLasVegasTemplateBuilderLiveTest) succeeded: 1ms
Test suite progress: tests succeeded: 124, failed: 2, skipped: 6.
Starting test testTemplateBuilderCannotFind(org.jclouds.cloudsigma.compute.CloudSigmaLasVegasTemplateBuilderLiveTest)
[pool-2-thread-1] Test testTemplateBuilderCannotFind(org.jclouds.cloudsigma.compute.CloudSigmaLasVegasTemplateBuilderLiveTest) succeeded: 0ms
Test suite progress: tests succeeded: 125, failed: 2, skipped: 6.
Starting test testTemplateBuilderCannotFind(org.jclouds.cloudsigma.compute.CloudSigmaLasVegasTemplateBuilderLiveTest)
[pool-2-thread-1] Test testTemplateBuilderCannotFind(org.jclouds.cloudsigma.compute.CloudSigmaLasVegasTemplateBuilderLiveTest) succeeded: 0ms
Test suite progress: tests succeeded: 126, failed: 2, skipped: 6.
Tests run: 134, Failures: 2, Errors: 0, Skipped: 6, Time elapsed: 975.754 sec <<< FAILURE!

Results :

Failed tests: 
  testCreateAndDestroyVLAN(org.jclouds.cloudsigma.CloudSigmaLasVegasLondonClientLiveTest)
  testCreateAndDestroyStaticIP(org.jclouds.cloudsigma.CloudSigmaLasVegasLondonClientLiveTest)

Tests run: 134, Failures: 2, Errors: 0, Skipped: 6

[INFO] ------------------------------------------------------------------------
[INFO] BUILD FAILURE
[INFO] ------------------------------------------------------------------------
[INFO] Total time: 16:49.495s
[INFO] Finished at: Mon Oct 17 20:52:28 PDT 2011
[INFO] Final Memory: 20M/125M
[INFO] ------------------------------------------------------------------------
[ERROR] Failed to execute goal org.apache.maven.plugins:maven-surefire-plugin:2.5:test (integration) on project cloudsigma-lvs: There are test failures.
[ERROR] 
[ERROR] Please refer to /Users/adriancole/workspace/git/1.2.0/jclouds/providers/cloudsigma-lvs/target/surefire-reports for the individual test results.
[ERROR] -> [Help 1]
[ERROR] 
[ERROR] To see the full stack trace of the errors, re-run Maven with the -e switch.
[ERROR] Re-run Maven using the -X switch to enable full debug logging.
[ERROR] 
[ERROR] For more information about the errors and possible solutions, please read the following articles:
[ERROR] [Help 1] http://cwiki.apache.org/confluence/display/MAVEN/MojoFailureException
